<?xml version="1.0" encoding="UTF-8"?>
<!-- Generated by org.testng.reporters.JUnitReportReporter -->
<testsuite skipped="0" hostname="DESKTOP-RK7253J" name="Amazon.Arlo" tests="1" failures="0" timestamp="21 Nov 2019 11:13:17 GMT" time="41.631" errors="0">
  <testcase name="Arlo_Smart" time="41.631" classname="Amazon.Arlo"/>
</testsuite> <!-- Amazon.Arlo -->
