<?xml version="1.0" encoding="UTF-8"?>
<!-- Generated by org.testng.reporters.JUnitReportReporter -->
<testsuite skipped="0" hostname="DESKTOP-RK7253J" name="Amazon.Cocoon1" tests="1" failures="0" timestamp="29 Nov 2019 06:14:06 GMT" time="50.662" errors="0">
  <testcase name="Cocoon1_monitor" time="50.662" classname="Amazon.Cocoon1"/>
</testsuite> <!-- Amazon.Cocoon1 -->
